Mon, 23 Mar 2020 13:23:01 GMT - Info - Server is running on port: 3030
Mon, 23 Mar 2020 15:28:24 GMT - Info - Server is running on port: 3030
Mon, 23 Mar 2020 15:38:19 GMT - Info - Server is running on port: 3030
Mon, 23 Mar 2020 16:04:28 GMT - Info - Server is running on port: 3030
Mon, 23 Mar 2020 16:12:32 GMT - Info - Server is running on port: 3030
Mon, 23 Mar 2020 16:16:33 GMT - Info - Server is running on port: 3030
Mon, 23 Mar 2020 16:18:20 GMT - Info - Server is running on port: 3030
Mon, 23 Mar 2020 16:18:30 GMT - Info - Server is running on port: 3030
Mon, 23 Mar 2020 16:25:53 GMT - Info - Server is running on port: 3030
Mon, 23 Mar 2020 16:29:51 GMT - Info - Server is running on port: 3030
Mon, 23 Mar 2020 16:30:37 GMT - Info - Server is running on port: 3030
Mon, 23 Mar 2020 16:32:22 GMT - Debug - auth.service - login with email: a@a.com
Mon, 23 Mar 2020 16:32:54 GMT - Debug - auth.service - login with email: a@a.com
Mon, 23 Mar 2020 16:33:45 GMT - Info - Server is running on port: 3030
Mon, 23 Mar 2020 16:33:46 GMT - Debug - auth.service - login with email: a@a.com
Mon, 23 Mar 2020 16:33:58 GMT - Debug - auth.service - login with email: a@a.com
Mon, 23 Mar 2020 16:35:52 GMT - Debug - auth.service - login with email: a@a.com
Mon, 23 Mar 2020 16:35:54 GMT - Info - Server is running on port: 3030
Mon, 23 Mar 2020 16:36:42 GMT - Info - Server is running on port: 3030
Mon, 23 Mar 2020 16:36:47 GMT - Info - Server is running on port: 3030
Mon, 23 Mar 2020 16:36:56 GMT - Debug - auth.service - login with email: a@a.com
Mon, 23 Mar 2020 16:37:15 GMT - Info - Server is running on port: 3030
Mon, 23 Mar 2020 16:37:17 GMT - Debug - auth.service - login with email: a@a.com
Mon, 23 Mar 2020 16:38:26 GMT - Info - Server is running on port: 3030
Mon, 23 Mar 2020 16:38:57 GMT - Info - Server is running on port: 3030
Mon, 23 Mar 2020 16:39:11 GMT - Info - Server is running on port: 3030
Mon, 23 Mar 2020 16:39:35 GMT - Info - Server is running on port: 3030
Mon, 23 Mar 2020 16:39:42 GMT - Debug - auth.service - login with email: a@a.com
Mon, 23 Mar 2020 16:39:54 GMT - Info - Server is running on port: 3030
Mon, 23 Mar 2020 16:41:02 GMT - Info - Server is running on port: 3030
Mon, 23 Mar 2020 16:41:05 GMT - Debug - auth.service - login with email: a@a.com
Mon, 23 Mar 2020 16:41:53 GMT - Debug - auth.service - login with email: c@c.com
Mon, 23 Mar 2020 16:42:19 GMT - Debug - auth.service - login with email: c@c.com
Mon, 23 Mar 2020 16:42:20 GMT - Info - Server is running on port: 3030
Mon, 23 Mar 2020 16:42:37 GMT - Debug - auth.service - login with email: c@c.com
Mon, 23 Mar 2020 16:43:32 GMT - Debug - auth.service - login with email: c@c.com
Mon, 23 Mar 2020 16:43:41 GMT - Debug - auth.service - login with email: c@c.com
Mon, 23 Mar 2020 16:44:06 GMT - Info - Server is running on port: 3030
Mon, 23 Mar 2020 16:44:11 GMT - Info - Server is running on port: 3030
Mon, 23 Mar 2020 16:44:23 GMT - Info - Server is running on port: 3030
Mon, 23 Mar 2020 16:44:26 GMT - Debug - auth.service - login with email: c@c.com
Mon, 23 Mar 2020 16:45:08 GMT - Debug - auth.service - login with email: c@c.com
Mon, 23 Mar 2020 16:46:45 GMT - Info - Server is running on port: 3030
Mon, 23 Mar 2020 16:49:01 GMT - Debug - auth.service - login with email: a
Mon, 23 Mar 2020 16:53:39 GMT - Debug - c, undefined, 1
Mon, 23 Mar 2020 16:53:39 GMT - Debug - auth.service - signup with email: c, username: undefined
Mon, 23 Mar 2020 16:53:39 GMT - Error - [SIGNUP] email, username and password are required!
Mon, 23 Mar 2020 16:58:01 GMT - Info - Server is running on port: 3030
Mon, 23 Mar 2020 16:58:03 GMT - Error - [SIGNUP] ReferenceError: email is not defined
Mon, 23 Mar 2020 16:58:30 GMT - Info - Server is running on port: 3030
Mon, 23 Mar 2020 16:58:36 GMT - Error - [SIGNUP] ReferenceError: email is not defined
Mon, 23 Mar 2020 16:58:45 GMT - Info - Server is running on port: 3030
Mon, 23 Mar 2020 16:58:52 GMT - Error - [SIGNUP] ReferenceError: email is not defined
Mon, 23 Mar 2020 16:59:42 GMT - Info - Server is running on port: 3030
Mon, 23 Mar 2020 16:59:47 GMT - Error - [SIGNUP] ReferenceError: email is not defined
Mon, 23 Mar 2020 17:00:13 GMT - Info - Server is running on port: 3030
Mon, 23 Mar 2020 17:00:19 GMT - Info - Server is running on port: 3030
Mon, 23 Mar 2020 17:00:21 GMT - Error - [SIGNUP] ReferenceError: email is not defined
Mon, 23 Mar 2020 17:00:30 GMT - Info - Server is running on port: 3030
Mon, 23 Mar 2020 17:00:32 GMT - Error - [SIGNUP] ReferenceError: email is not defined
Mon, 23 Mar 2020 17:00:44 GMT - Info - Server is running on port: 3030
Mon, 23 Mar 2020 17:00:46 GMT - Error - [SIGNUP] ReferenceError: email is not defined
Mon, 23 Mar 2020 17:01:15 GMT - Info - Server is running on port: 3030
Mon, 23 Mar 2020 17:01:20 GMT - Error - [SIGNUP] ReferenceError: email is not defined
Mon, 23 Mar 2020 17:01:37 GMT - Info - Server is running on port: 3030
Mon, 23 Mar 2020 17:01:48 GMT - Error - [SIGNUP] ReferenceError: email is not defined
Mon, 23 Mar 2020 17:02:14 GMT - Info - Server is running on port: 3030
Mon, 23 Mar 2020 17:02:20 GMT - Debug - yarin, 123
Mon, 23 Mar 2020 17:02:20 GMT - Debug - auth.service - signup with email: yarin
Mon, 23 Mar 2020 17:02:21 GMT - Debug - auth.route - new account created: {"firstName":"yarin","lastName":"sasson","email":"yarin","password":"123","createdAt":1584981905872,"languages":[""],"userImgUrl":"","isAdmin":false,"rating":null,"bio":"","tour":{"_id":null,"name":"","city":"","desc":"","tags":[""],"spots":[""],"price":null,"tourImgUrls":[""],"availability":{},"maxAttendees":null},"nextTrip":{"city":"","fromDate":"","toDate":""},"_id":"LSBX6"}
Mon, 23 Mar 2020 17:02:21 GMT - Error - [SIGNUP] ReferenceError: Cannot access 'user' before initialization
Mon, 23 Mar 2020 17:03:50 GMT - Info - Server is running on port: 3030
Mon, 23 Mar 2020 17:03:58 GMT - Debug - yarin, 123
Mon, 23 Mar 2020 17:03:58 GMT - Debug - auth.service - signup with email: yarin
Mon, 23 Mar 2020 17:04:00 GMT - Debug - auth.route - new account created: {"firstName":"yarin","lastName":"sasson","email":"yarin","password":"123","createdAt":1584981905872,"languages":[""],"userImgUrl":"","isAdmin":false,"rating":null,"bio":"","tour":{"_id":null,"name":"","city":"","desc":"","tags":[""],"spots":[""],"price":null,"tourImgUrls":[""],"availability":{},"maxAttendees":null},"nextTrip":{"city":"","fromDate":"","toDate":""},"_id":"LSBX6"}
Mon, 23 Mar 2020 17:04:00 GMT - Debug - auth.service - login with email: yarin
Mon, 23 Mar 2020 17:04:00 GMT - Error - [SIGNUP] Invalid email or password
Mon, 23 Mar 2020 17:04:45 GMT - Info - Server is running on port: 3030
Mon, 23 Mar 2020 17:04:59 GMT - Debug - yarin, 123
Mon, 23 Mar 2020 17:04:59 GMT - Debug - auth.service - signup with email: yarin
Mon, 23 Mar 2020 17:05:00 GMT - Debug - auth.route - new account created: {"firstName":"yarin","lastName":"sasson","email":"yarin","password":"123","createdAt":1584981905872,"languages":[""],"userImgUrl":"","isAdmin":false,"rating":null,"bio":"","tour":{"_id":null,"name":"","city":"","desc":"","tags":[""],"spots":[""],"price":null,"tourImgUrls":[""],"availability":{},"maxAttendees":null},"nextTrip":{"city":"","fromDate":"","toDate":""},"_id":"LSBX6"}
Mon, 23 Mar 2020 17:05:00 GMT - Debug - auth.service - login with email: yarin
Mon, 23 Mar 2020 17:05:00 GMT - Error - [SIGNUP] Invalid email or password
Mon, 23 Mar 2020 17:05:16 GMT - Info - Server is running on port: 3030
Mon, 23 Mar 2020 17:05:47 GMT - Info - Server is running on port: 3030
Mon, 23 Mar 2020 17:06:09 GMT - Info - Server is running on port: 3030
Mon, 23 Mar 2020 17:07:12 GMT - Info - Server is running on port: 3030
Mon, 23 Mar 2020 17:07:32 GMT - Debug - yarin, 123
Mon, 23 Mar 2020 17:07:32 GMT - Debug - auth.service - signup with email: yarin
Mon, 23 Mar 2020 17:07:32 GMT - Error - [SIGNUP] ReferenceError: usersService is not defined
Mon, 23 Mar 2020 17:07:48 GMT - Info - Server is running on port: 3030
Mon, 23 Mar 2020 17:07:54 GMT - Debug - yarin, 123
Mon, 23 Mar 2020 17:07:54 GMT - Debug - auth.service - signup with email: yarin
Mon, 23 Mar 2020 17:07:55 GMT - Debug - auth.route - new account created: {"firstName":"yarin","lastName":"sasson","email":"yarin","password":"$2b$10$qneoc1e2Ftpf4PIcC07Sb.aGe.FAFThan5YyXIkQFfvsuYCuDnIZa","createdAt":1584981905872,"languages":[""],"userImgUrl":"","isAdmin":false,"rating":null,"bio":"","tour":{"_id":null,"name":"","city":"","desc":"","tags":[""],"spots":[""],"price":null,"tourImgUrls":[""],"availability":{},"maxAttendees":null},"nextTrip":{"city":"","fromDate":"","toDate":""},"_id":"LSBX6"}
Mon, 23 Mar 2020 17:07:55 GMT - Debug - auth.service - login with email: yarin
Mon, 23 Mar 2020 17:07:55 GMT - Error - [SIGNUP] Invalid email or password
Mon, 23 Mar 2020 17:08:36 GMT - Info - Server is running on port: 3030
Mon, 23 Mar 2020 17:08:43 GMT - Debug - yarin, 123
Mon, 23 Mar 2020 17:08:43 GMT - Debug - auth.service - signup with email: yarin
Mon, 23 Mar 2020 17:08:44 GMT - Debug - auth.route - new account created: {"firstName":"yarin","lastName":"sasson","email":"yarin","password":"$2b$10$HjYx4fjAswMlvR85cDirMubSZ0Z6RMxvMy5X0AkzbAXMLAG/PdGjS","createdAt":1584981905872,"languages":[""],"userImgUrl":"","isAdmin":false,"rating":null,"bio":"","tour":{"_id":null,"name":"","city":"","desc":"","tags":[""],"spots":[""],"price":null,"tourImgUrls":[""],"availability":{},"maxAttendees":null},"nextTrip":{"city":"","fromDate":"","toDate":""},"_id":"LSBX6"}
Mon, 23 Mar 2020 17:08:44 GMT - Debug - auth.service - login with email: yarin
Mon, 23 Mar 2020 17:08:44 GMT - Error - [SIGNUP] Invalid email or password
Mon, 23 Mar 2020 17:10:16 GMT - Info - Server is running on port: 3030
Mon, 23 Mar 2020 17:10:21 GMT - Info - Server is running on port: 3030
Mon, 23 Mar 2020 17:10:41 GMT - Debug - yarin, 123
Mon, 23 Mar 2020 17:10:41 GMT - Debug - auth.service - signup with email: yarin
Mon, 23 Mar 2020 17:10:42 GMT - Debug - auth.route - new account created: {"firstName":"yarin","lastName":"sasson","email":"yarin","password":"$2b$10$rJwXjGKpFYW7HlbIpDZYCOVLXzIgVze6rJurel6vaJejiYvc0N5r2","createdAt":1584981905872,"languages":[""],"userImgUrl":"","isAdmin":false,"rating":null,"bio":"","tour":{"_id":null,"name":"","city":"","desc":"","tags":[""],"spots":[""],"price":null,"tourImgUrls":[""],"availability":{},"maxAttendees":null},"nextTrip":{"city":"","fromDate":"","toDate":""},"_id":"LSBX6"}
Mon, 23 Mar 2020 17:10:42 GMT - Debug - auth.service - login with email: yarin
Mon, 23 Mar 2020 17:10:42 GMT - Error - [SIGNUP] Invalid email or password
Mon, 23 Mar 2020 17:11:30 GMT - Info - Server is running on port: 3030
Mon, 23 Mar 2020 17:11:44 GMT - Debug - yarin, 123
Mon, 23 Mar 2020 17:11:44 GMT - Debug - auth.service - signup with email: yarin
Mon, 23 Mar 2020 17:11:45 GMT - Debug - auth.route - new account created: {"firstName":"yarin","lastName":"sasson","email":"yarin","password":"$2b$10$HMrT7/VmQbYn0JR6R5B1g.I1sjcXp23g18ug9EjRk6.tzS220wKmG","createdAt":1584981905872,"languages":[""],"userImgUrl":"","isAdmin":false,"rating":null,"bio":"","tour":{"_id":null,"name":"","city":"","desc":"","tags":[""],"spots":[""],"price":null,"tourImgUrls":[""],"availability":{},"maxAttendees":null},"nextTrip":{"city":"","fromDate":"","toDate":""},"_id":"LSBX6"}
Mon, 23 Mar 2020 17:11:45 GMT - Debug - auth.service - login with email: yarin
Mon, 23 Mar 2020 17:13:01 GMT - Debug - auth.service - login with email: a
Mon, 23 Mar 2020 17:13:32 GMT - Debug - eeee, 1
Mon, 23 Mar 2020 17:13:32 GMT - Debug - auth.service - signup with email: eeee
Mon, 23 Mar 2020 17:13:32 GMT - Debug - auth.route - new account created: {"firstName":"Yoni","lastName":"Moni","email":"eeee","password":"$2b$10$1YACHQoV./Z5AErhmN12l.VqbVvzzsPXm1FAZm37xaPD3HW68WrxK","createdAt":1584983599446,"languages":[""],"userImgUrl":"","isAdmin":false,"rating":null,"bio":"","tour":{"_id":null,"name":"","city":"","desc":"","tags":[""],"spots":[""],"price":null,"tourImgUrls":[""],"availability":{},"maxAttendees":null},"nextTrip":{"city":"","fromDate":"","toDate":""},"_id":"5e78ee3c1ade133cd81650e9"}
Mon, 23 Mar 2020 17:13:32 GMT - Debug - auth.service - login with email: eeee
Mon, 23 Mar 2020 17:18:47 GMT - Debug - auth.service - login with email: c@c.com
Mon, 23 Mar 2020 17:25:49 GMT - Info - Server is running on port: 3030
Mon, 23 Mar 2020 17:42:59 GMT - Debug - auth.service - login with email: c@c.com
Mon, 23 Mar 2020 18:08:22 GMT - Info - Server is running on port: 3030
Mon, 23 Mar 2020 18:08:38 GMT - Info - Server is running on port: 3030
Mon, 23 Mar 2020 18:11:04 GMT - Debug - yarin@gmail.com, 1
Mon, 23 Mar 2020 18:11:04 GMT - Debug - auth.service - signup with email: yarin@gmail.com
Mon, 23 Mar 2020 18:11:04 GMT - Debug - auth.route - new account created: {"firstName":"Yarin","lastName":"Sasson","email":"yarin@gmail.com","password":"$2b$10$BlZZNoXJ42Y3dHT9QRsTS.U64z0DVrPNYXdyaq2egCYujMo9H7JKO","createdAt":1584986834574,"languages":[""],"userImgUrl":"","isAdmin":false,"rating":null,"bio":"","tour":{"_id":null,"name":"","city":"","desc":"","tags":[""],"spots":[""],"price":null,"tourImgUrls":[""],"availability":{},"maxAttendees":null},"nextTrip":{"city":"","fromDate":"","toDate":""},"_id":"5e78fbb86dcffb5660337094"}
Mon, 23 Mar 2020 18:11:04 GMT - Debug - auth.service - login with email: yarin@gmail.com
Mon, 23 Mar 2020 18:12:06 GMT - Debug - 123, 1
Mon, 23 Mar 2020 18:12:06 GMT - Debug - auth.service - signup with email: 123
Mon, 23 Mar 2020 18:12:07 GMT - Debug - auth.route - new account created: {"firstName":"yarin","lastName":"sasson","email":"123","password":"$2b$10$xnUsb14plwjIHAI/dazFEOcXwAkkIk8jW3uaEnHUxcWmBlFNFwuBS","createdAt":1584987117211,"languages":[""],"userImgUrl":"","isAdmin":false,"rating":null,"bio":"","tour":{"_id":null,"name":"","city":"","desc":"","tags":[""],"spots":[""],"price":null,"tourImgUrls":[""],"availability":{},"maxAttendees":null},"nextTrip":{"city":"","fromDate":"","toDate":""},"_id":"5e78fbf76dcffb5660337095"}
Mon, 23 Mar 2020 18:12:07 GMT - Debug - auth.service - login with email: 123
Mon, 23 Mar 2020 18:12:47 GMT - Debug - c@c.com, 1
Mon, 23 Mar 2020 18:12:47 GMT - Debug - auth.service - signup with email: c@c.com
Mon, 23 Mar 2020 18:12:47 GMT - Debug - auth.route - new account created: {"firstName":"y","lastName":"yy","email":"c@c.com","password":"$2b$10$4oH0AVGLq0LBZn1maGjjPeDvrl7ufLy2Nhl5OuQ70C.Y1KkF69Jw.","createdAt":1584987158459,"languages":[""],"userImgUrl":"","isAdmin":false,"rating":null,"bio":"","tour":{"_id":null,"name":"","city":"","desc":"","tags":[""],"spots":[""],"price":null,"tourImgUrls":[""],"availability":{},"maxAttendees":null},"nextTrip":{"city":"","fromDate":"","toDate":""},"_id":"5e78fc1f6dcffb5660337096"}
Mon, 23 Mar 2020 18:12:47 GMT - Debug - auth.service - login with email: c@c.com
Mon, 23 Mar 2020 18:14:49 GMT - Debug - c@c.coh, 1
Mon, 23 Mar 2020 18:14:49 GMT - Debug - auth.service - signup with email: c@c.coh
Mon, 23 Mar 2020 18:14:49 GMT - Debug - auth.route - new account created: {"firstName":"y","lastName":"y","email":"c@c.coh","password":"$2b$10$Iz9bCn92JUNz104Lwb0.ueRCT2vXpVVPzN0BuAd5IZm94BLvkensK","createdAt":1584987258822,"languages":[""],"userImgUrl":"","isAdmin":false,"rating":null,"bio":"","tour":{"_id":null,"name":"","city":"","desc":"","tags":[""],"spots":[""],"price":null,"tourImgUrls":[""],"availability":{},"maxAttendees":null},"nextTrip":{"city":"","fromDate":"","toDate":""},"_id":"5e78fc996dcffb5660337097"}
Mon, 23 Mar 2020 18:14:49 GMT - Debug - auth.service - login with email: c@c.coh
Mon, 23 Mar 2020 18:16:15 GMT - Debug - 212, 1
Mon, 23 Mar 2020 18:16:15 GMT - Debug - auth.service - signup with email: 212
Mon, 23 Mar 2020 18:16:15 GMT - Debug - auth.route - new account created: {"firstName":"y","lastName":"y","email":"212","password":"$2b$10$VyEyIx8rvpZ5WXlGX8VEw.kiJP4pLndDbPVz3sZvF6CUfnfzQJRf6","createdAt":1584987366729,"languages":[""],"userImgUrl":"","isAdmin":false,"rating":null,"bio":"","tour":{"_id":null,"name":"","city":"","desc":"","tags":[""],"spots":[""],"price":null,"tourImgUrls":[""],"availability":{},"maxAttendees":null},"nextTrip":{"city":"","fromDate":"","toDate":""},"_id":"5e78fcef6dcffb5660337098"}
Mon, 23 Mar 2020 18:16:15 GMT - Debug - auth.service - login with email: 212
Mon, 23 Mar 2020 18:16:28 GMT - Debug - c@c.comy, 1
Mon, 23 Mar 2020 18:16:28 GMT - Debug - auth.service - signup with email: c@c.comy
Mon, 23 Mar 2020 18:16:28 GMT - Debug - auth.route - new account created: {"firstName":"y","lastName":"y","email":"c@c.comy","password":"$2b$10$Ey7c9kT2hnWXzrVzk.PAlOA1Ftgdp1x8nkIO.K5txKEKGa9FUJDLO","createdAt":1584987380231,"languages":[""],"userImgUrl":"","isAdmin":false,"rating":null,"bio":"","tour":{"_id":null,"name":"","city":"","desc":"","tags":[""],"spots":[""],"price":null,"tourImgUrls":[""],"availability":{},"maxAttendees":null},"nextTrip":{"city":"","fromDate":"","toDate":""},"_id":"5e78fcfc6dcffb5660337099"}
Mon, 23 Mar 2020 18:16:28 GMT - Debug - auth.service - login with email: c@c.comy
Mon, 23 Mar 2020 18:35:42 GMT - Info - Server is running on port: 3030
Mon, 23 Mar 2020 18:37:00 GMT - Info - Server is running on port: 3030
Mon, 23 Mar 2020 18:39:53 GMT - Debug - c@c.com, 1
Mon, 23 Mar 2020 18:39:53 GMT - Debug - auth.service - signup with email: c@c.com
Mon, 23 Mar 2020 18:39:54 GMT - Debug - auth.route - new account created: {"firstName":"y","lastName":"y","email":"c@c.com","password":"$2b$10$776OZMFM1HV.nVosBcSTd.OktT6btrYEK2nLsynDECYMJukhKFGWG","createdAt":1584988774051,"languages":[""],"userImgUrl":"","isAdmin":false,"rating":null,"bio":"","tour":{"_id":null,"name":"","city":"","desc":"","tags":[""],"spots":[""],"price":null,"tourImgUrls":[""],"availability":{},"maxAttendees":null},"nextTrip":{"city":"","fromDate":"","toDate":""},"_id":"5e79027ae5834168f01fd715"}
Mon, 23 Mar 2020 18:39:54 GMT - Debug - auth.service - login with email: c@c.com
Mon, 23 Mar 2020 18:42:10 GMT - Info - Server is running on port: 3030
Mon, 23 Mar 2020 18:53:13 GMT - Debug - @c.com, 1
Mon, 23 Mar 2020 18:53:13 GMT - Debug - auth.service - signup with email: @c.com
Mon, 23 Mar 2020 18:53:14 GMT - Debug - auth.route - new account created: {"firstName":"c","lastName":"c","email":"@c.com","password":"$2b$10$wO4cqzd4QaA3.LixlYVOHeVhuDtYfFDC8/e.Faf3aW0biu/Uz1lNK","createdAt":1584989585837,"languages":[""],"userImgUrl":"","isAdmin":false,"rating":null,"bio":"","tour":{"_id":null,"name":"","city":"","desc":"","tags":[""],"spots":[""],"price":null,"tourImgUrls":[""],"availability":{},"maxAttendees":null},"nextTrip":{"city":"","fromDate":"","toDate":""},"_id":"5e79059a21017a3900412818"}
Mon, 23 Mar 2020 18:53:14 GMT - Debug - auth.service - login with email: @c.com
Mon, 23 Mar 2020 21:17:41 GMT - Info - Server is running on port: 3030
Mon, 23 Mar 2020 21:18:14 GMT - Debug - auth.service - login with email: a@a.com
Mon, 23 Mar 2020 21:19:03 GMT - Debug - auth.service - login with email: d@d.com
Tue, 24 Mar 2020 10:18:55 GMT - Debug - auth.service - login with email: d@d.com
Tue, 24 Mar 2020 10:36:18 GMT - Debug - auth.service - login with email: d@d.com
Tue, 24 Mar 2020 17:39:50 GMT - Info - Server is running on port: 3030
Tue, 24 Mar 2020 17:51:02 GMT - Info - Server is running on port: 3030
Tue, 24 Mar 2020 17:51:10 GMT - Info - Server is running on port: 3030
Tue, 24 Mar 2020 17:51:22 GMT - Info - Server is running on port: 3030
Tue, 24 Mar 2020 17:51:32 GMT - Info - Server is running on port: 3030
Tue, 24 Mar 2020 17:51:45 GMT - Info - Server is running on port: 3030
Tue, 24 Mar 2020 17:51:54 GMT - Info - Server is running on port: 3030
Tue, 24 Mar 2020 17:53:33 GMT - Info - Server is running on port: 3030
Tue, 24 Mar 2020 17:54:44 GMT - Info - Server is running on port: 3030
Tue, 24 Mar 2020 18:02:01 GMT - Info - Server is running on port: 3030
Tue, 24 Mar 2020 18:03:21 GMT - Info - Server is running on port: 3030
Tue, 24 Mar 2020 18:03:44 GMT - Info - Server is running on port: 3030
Tue, 24 Mar 2020 18:03:57 GMT - Info - Server is running on port: 3030
Tue, 24 Mar 2020 18:04:51 GMT - Info - Server is running on port: 3030
Tue, 24 Mar 2020 18:04:54 GMT - Info - Server is running on port: 3030
Tue, 24 Mar 2020 18:05:53 GMT - Info - Server is running on port: 3030
Tue, 24 Mar 2020 18:12:25 GMT - Info - Server is running on port: 3030
Tue, 24 Mar 2020 18:19:23 GMT - Info - Server is running on port: 3030
Tue, 24 Mar 2020 18:20:45 GMT - Info - Server is running on port: 3030
Tue, 24 Mar 2020 18:22:56 GMT - Info - Server is running on port: 3030
Tue, 24 Mar 2020 18:23:54 GMT - Info - Server is running on port: 3030
Tue, 24 Mar 2020 18:42:05 GMT - Info - Server is running on port: 3030
Tue, 24 Mar 2020 18:44:05 GMT - Info - Server is running on port: 3030
Tue, 24 Mar 2020 18:44:07 GMT - Info - Server is running on port: 3030
Tue, 24 Mar 2020 18:44:39 GMT - Info - Server is running on port: 3030
Tue, 24 Mar 2020 18:57:59 GMT - Info - Server is running on port: 3030
Tue, 24 Mar 2020 19:38:25 GMT - Info - Server is running on port: 3030
Tue, 24 Mar 2020 20:05:31 GMT - Debug - auth.service - login with email: d@d.com
Tue, 24 Mar 2020 20:56:21 GMT - Info - Server is running on port: 3030
Tue, 24 Mar 2020 20:56:23 GMT - Info - Server is running on port: 3030
Tue, 24 Mar 2020 20:58:35 GMT - Info - Server is running on port: 3030
Tue, 24 Mar 2020 20:59:25 GMT - Info - Server is running on port: 3030
Tue, 24 Mar 2020 20:59:53 GMT - Info - Server is running on port: 3030
Tue, 24 Mar 2020 21:00:21 GMT - Info - Server is running on port: 3030
Tue, 24 Mar 2020 21:00:50 GMT - Info - Server is running on port: 3030
Tue, 24 Mar 2020 21:00:59 GMT - Info - Server is running on port: 3030
Tue, 24 Mar 2020 21:01:20 GMT - Info - Server is running on port: 3030
Tue, 24 Mar 2020 21:01:28 GMT - Info - Server is running on port: 3030
Tue, 24 Mar 2020 21:02:14 GMT - Info - Server is running on port: 3030
Tue, 24 Mar 2020 21:02:41 GMT - Info - Server is running on port: 3030
Tue, 24 Mar 2020 21:03:07 GMT - Info - Server is running on port: 3030
Tue, 24 Mar 2020 21:03:17 GMT - Info - Server is running on port: 3030
Tue, 24 Mar 2020 21:03:21 GMT - Info - Server is running on port: 3030
Tue, 24 Mar 2020 21:03:26 GMT - Info - Server is running on port: 3030
Tue, 24 Mar 2020 21:03:29 GMT - Info - Server is running on port: 3030
Tue, 24 Mar 2020 21:09:28 GMT - Info - Server is running on port: 3030
Tue, 24 Mar 2020 21:54:48 GMT - Info - Server is running on port: 3030
Tue, 24 Mar 2020 21:55:03 GMT - Info - Server is running on port: 3030
Tue, 24 Mar 2020 21:55:20 GMT - Info - Server is running on port: 3030
Tue, 24 Mar 2020 21:56:13 GMT - Info - Server is running on port: 3030
Tue, 24 Mar 2020 21:57:10 GMT - Info - Server is running on port: 3030
Tue, 24 Mar 2020 21:57:36 GMT - Info - Server is running on port: 3030
Tue, 24 Mar 2020 21:57:50 GMT - Info - Server is running on port: 3030
Tue, 24 Mar 2020 23:21:08 GMT - Info - Server is running on port: 3030
Wed, 25 Mar 2020 00:13:19 GMT - Info - Server is running on port: 3030
Wed, 25 Mar 2020 01:12:41 GMT - Info - Server is running on port: 3030
Wed, 25 Mar 2020 01:17:52 GMT - Info - Server is running on port: 3030
Wed, 25 Mar 2020 01:18:00 GMT - Info - Server is running on port: 3030
Wed, 25 Mar 2020 01:20:02 GMT - Info - Server is running on port: 3030
Wed, 25 Mar 2020 01:20:53 GMT - Info - Server is running on port: 3030
Wed, 25 Mar 2020 01:22:20 GMT - Info - Server is running on port: 3030
Wed, 25 Mar 2020 01:23:36 GMT - Info - Server is running on port: 3030
Wed, 25 Mar 2020 01:24:06 GMT - Info - Server is running on port: 3030
Wed, 25 Mar 2020 01:24:38 GMT - Error - Cannot get reviews
Wed, 25 Mar 2020 01:25:14 GMT - Error - Cannot get reviews
Wed, 25 Mar 2020 01:25:44 GMT - Info - Server is running on port: 3030
Wed, 25 Mar 2020 01:25:53 GMT - Error - Cannot get reviews
Wed, 25 Mar 2020 01:26:01 GMT - Error - Cannot get reviews
Wed, 25 Mar 2020 01:26:44 GMT - Info - Server is running on port: 3030
Wed, 25 Mar 2020 01:26:44 GMT - Error - Cannot get reviews
Wed, 25 Mar 2020 01:27:11 GMT - Info - Server is running on port: 3030
Wed, 25 Mar 2020 01:27:11 GMT - Error - Cannot get reviews
Wed, 25 Mar 2020 01:27:40 GMT - Info - Server is running on port: 3030
Wed, 25 Mar 2020 01:44:33 GMT - Info - Server is running on port: 3030
Wed, 25 Mar 2020 01:57:39 GMT - Info - Server is running on port: 3030
Wed, 25 Mar 2020 02:04:30 GMT - Info - Server is running on port: 3030
Wed, 25 Mar 2020 02:06:45 GMT - Info - Server is running on port: 3030
Wed, 25 Mar 2020 02:09:36 GMT - Info - Server is running on port: 3030
Wed, 25 Mar 2020 10:05:48 GMT - Debug - auth.service - login with email: d@d.com
Wed, 25 Mar 2020 12:20:22 GMT - Info - Server is running on port: 3030
Wed, 25 Mar 2020 12:23:50 GMT - Info - Server is running on port: 3030
Wed, 25 Mar 2020 12:57:18 GMT - Info - Server is running on port: 3030
Wed, 25 Mar 2020 13:13:38 GMT - Info - Server is running on port: 3030
Wed, 25 Mar 2020 13:13:40 GMT - Info - Server is running on port: 3030
Wed, 25 Mar 2020 13:14:19 GMT - Info - Server is running on port: 3030
Wed, 25 Mar 2020 13:14:26 GMT - Info - Server is running on port: 3030
Wed, 25 Mar 2020 13:15:12 GMT - Info - Server is running on port: 3030
Wed, 25 Mar 2020 13:15:34 GMT - Info - Server is running on port: 3030
Wed, 25 Mar 2020 13:22:13 GMT - Info - Server is running on port: 3030
Wed, 25 Mar 2020 13:23:17 GMT - Info - Server is running on port: 3030
Wed, 25 Mar 2020 13:23:28 GMT - Info - Server is running on port: 3030
Wed, 25 Mar 2020 13:35:37 GMT - Info - Server is running on port: 3030
Wed, 25 Mar 2020 14:00:42 GMT - Info - Server is running on port: 3030
Wed, 25 Mar 2020 14:01:45 GMT - Info - Server is running on port: 3030
Wed, 25 Mar 2020 14:03:39 GMT - Info - Server is running on port: 3030
Wed, 25 Mar 2020 14:03:40 GMT - Info - Server is running on port: 3030
Wed, 25 Mar 2020 14:06:01 GMT - Info - Server is running on port: 3030
Wed, 25 Mar 2020 14:06:02 GMT - Info - Server is running on port: 3030
Wed, 25 Mar 2020 14:13:25 GMT - Info - Server is running on port: 3030
Wed, 25 Mar 2020 14:13:50 GMT - Info - Server is running on port: 3030
Wed, 25 Mar 2020 14:15:57 GMT - Info - Server is running on port: 3030
Wed, 25 Mar 2020 14:17:16 GMT - Info - Server is running on port: 3030
Wed, 25 Mar 2020 14:18:00 GMT - Info - Server is running on port: 3030
Wed, 25 Mar 2020 14:18:39 GMT - Info - Server is running on port: 3030
Wed, 25 Mar 2020 14:27:05 GMT - Info - Server is running on port: 3030
Wed, 25 Mar 2020 14:32:37 GMT - Info - Server is running on port: 3030
Wed, 25 Mar 2020 14:32:47 GMT - Info - Server is running on port: 3030
Wed, 25 Mar 2020 14:33:17 GMT - Info - Server is running on port: 3030
Wed, 25 Mar 2020 14:36:42 GMT - Info - Server is running on port: 3030
Wed, 25 Mar 2020 14:37:40 GMT - Info - Server is running on port: 3030
Wed, 25 Mar 2020 14:40:06 GMT - Info - Server is running on port: 3030
Wed, 25 Mar 2020 14:40:08 GMT - Info - Server is running on port: 3030
Wed, 25 Mar 2020 14:41:00 GMT - Info - Server is running on port: 3030
Wed, 25 Mar 2020 14:41:02 GMT - Info - Server is running on port: 3030
Wed, 25 Mar 2020 14:42:00 GMT - Info - Server is running on port: 3030
Wed, 25 Mar 2020 14:42:01 GMT - Info - Server is running on port: 3030
Wed, 25 Mar 2020 14:42:52 GMT - Info - Server is running on port: 3030
Wed, 25 Mar 2020 14:44:14 GMT - Info - Server is running on port: 3030
Wed, 25 Mar 2020 14:44:25 GMT - Info - Server is running on port: 3030
Wed, 25 Mar 2020 14:44:43 GMT - Info - Server is running on port: 3030
Wed, 25 Mar 2020 14:45:47 GMT - Info - Server is running on port: 3030
Wed, 25 Mar 2020 14:45:49 GMT - Info - Server is running on port: 3030
Wed, 25 Mar 2020 14:46:18 GMT - Info - Server is running on port: 3030
Wed, 25 Mar 2020 14:47:51 GMT - Info - Server is running on port: 3030
Wed, 25 Mar 2020 14:48:14 GMT - Info - Server is running on port: 3030
Wed, 25 Mar 2020 14:49:09 GMT - Info - Server is running on port: 3030
Wed, 25 Mar 2020 14:49:10 GMT - Info - Server is running on port: 3030
Wed, 25 Mar 2020 14:51:30 GMT - Info - Server is running on port: 3030
Wed, 25 Mar 2020 14:52:33 GMT - Info - Server is running on port: 3030
Wed, 25 Mar 2020 14:53:14 GMT - Info - Server is running on port: 3030
Wed, 25 Mar 2020 14:53:56 GMT - Info - Server is running on port: 3030
Wed, 25 Mar 2020 14:54:26 GMT - Info - Server is running on port: 3030
Wed, 25 Mar 2020 14:55:03 GMT - Info - Server is running on port: 3030
Wed, 25 Mar 2020 14:56:35 GMT - Info - Server is running on port: 3030
Wed, 25 Mar 2020 14:57:08 GMT - Info - Server is running on port: 3030
Wed, 25 Mar 2020 14:58:02 GMT - Info - Server is running on port: 3030
Wed, 25 Mar 2020 14:58:11 GMT - Info - Server is running on port: 3030
Wed, 25 Mar 2020 14:58:28 GMT - Info - Server is running on port: 3030
Wed, 25 Mar 2020 15:00:09 GMT - Info - Server is running on port: 3030
Wed, 25 Mar 2020 15:01:55 GMT - Info - Server is running on port: 3030
Wed, 25 Mar 2020 15:01:56 GMT - Info - Server is running on port: 3030
Wed, 25 Mar 2020 15:02:11 GMT - Info - Server is running on port: 3030
Wed, 25 Mar 2020 15:03:33 GMT - Info - Server is running on port: 3030
Wed, 25 Mar 2020 15:03:35 GMT - Info - Server is running on port: 3030
Wed, 25 Mar 2020 15:04:24 GMT - Info - Server is running on port: 3030
Wed, 25 Mar 2020 15:05:11 GMT - Info - Server is running on port: 3030
Wed, 25 Mar 2020 15:08:28 GMT - Info - Server is running on port: 3030
Wed, 25 Mar 2020 15:20:00 GMT - Info - Server is running on port: 3030
Wed, 25 Mar 2020 15:35:29 GMT - Info - Server is running on port: 3030
Wed, 25 Mar 2020 16:05:39 GMT - Info - Server is running on port: 3030
Wed, 25 Mar 2020 16:09:06 GMT - Info - Server is running on port: 3030
Wed, 25 Mar 2020 16:09:07 GMT - Info - Server is running on port: 3030
Wed, 25 Mar 2020 16:09:24 GMT - Info - Server is running on port: 3030
Wed, 25 Mar 2020 16:10:55 GMT - Info - Server is running on port: 3030
Wed, 25 Mar 2020 16:10:59 GMT - Info - Server is running on port: 3030
Wed, 25 Mar 2020 16:13:33 GMT - Info - Server is running on port: 3030
Wed, 25 Mar 2020 16:14:49 GMT - Info - Server is running on port: 3030
Wed, 25 Mar 2020 16:14:50 GMT - Info - Server is running on port: 3030
Wed, 25 Mar 2020 16:15:22 GMT - Info - Server is running on port: 3030
Wed, 25 Mar 2020 16:15:31 GMT - Info - Server is running on port: 3030
Wed, 25 Mar 2020 16:19:05 GMT - Info - Server is running on port: 3030
Wed, 25 Mar 2020 16:19:31 GMT - Info - Server is running on port: 3030
Wed, 25 Mar 2020 16:22:02 GMT - Info - Server is running on port: 3030
Wed, 25 Mar 2020 16:22:12 GMT - Info - Server is running on port: 3030
Wed, 25 Mar 2020 16:24:23 GMT - Info - Server is running on port: 3030
Wed, 25 Mar 2020 16:25:45 GMT - Info - Server is running on port: 3030
Wed, 25 Mar 2020 16:25:46 GMT - Info - Server is running on port: 3030
Wed, 25 Mar 2020 16:25:52 GMT - Info - Server is running on port: 3030
Wed, 25 Mar 2020 16:27:43 GMT - Info - Server is running on port: 3030
Wed, 25 Mar 2020 16:28:35 GMT - Info - Server is running on port: 3030
Wed, 25 Mar 2020 16:28:36 GMT - Info - Server is running on port: 3030
Wed, 25 Mar 2020 16:30:25 GMT - Info - Server is running on port: 3030
Wed, 25 Mar 2020 16:32:55 GMT - Info - Server is running on port: 3030
Wed, 25 Mar 2020 16:34:10 GMT - Info - Server is running on port: 3030
Wed, 25 Mar 2020 16:34:13 GMT - Info - Server is running on port: 3030
Wed, 25 Mar 2020 16:34:19 GMT - Info - Server is running on port: 3030
Wed, 25 Mar 2020 16:37:29 GMT - Info - Server is running on port: 3030
Wed, 25 Mar 2020 16:44:31 GMT - Info - Server is running on port: 3030
Wed, 25 Mar 2020 16:45:12 GMT - Info - Server is running on port: 3030
Wed, 25 Mar 2020 16:46:00 GMT - Info - Server is running on port: 3030
Wed, 25 Mar 2020 16:46:02 GMT - Info - Server is running on port: 3030
Wed, 25 Mar 2020 16:56:07 GMT - Info - Server is running on port: 3030
Wed, 25 Mar 2020 17:09:03 GMT - Info - Server is running on port: 3030
Wed, 25 Mar 2020 17:14:43 GMT - Info - Server is running on port: 3030
Wed, 25 Mar 2020 17:15:56 GMT - Info - Server is running on port: 3030
Wed, 25 Mar 2020 17:16:04 GMT - Info - Server is running on port: 3030
Wed, 25 Mar 2020 17:16:30 GMT - Info - Server is running on port: 3030
Wed, 25 Mar 2020 17:17:23 GMT - Info - Server is running on port: 3030
Wed, 25 Mar 2020 17:17:47 GMT - Info - Server is running on port: 3030
Wed, 25 Mar 2020 17:18:15 GMT - Info - Server is running on port: 3030
Wed, 25 Mar 2020 17:18:32 GMT - Info - Server is running on port: 3030
Wed, 25 Mar 2020 17:18:46 GMT - Info - Server is running on port: 3030
Wed, 25 Mar 2020 17:19:23 GMT - Info - Server is running on port: 3030
Wed, 25 Mar 2020 17:19:39 GMT - Info - Server is running on port: 3030
Wed, 25 Mar 2020 17:20:17 GMT - Info - Server is running on port: 3030
Wed, 25 Mar 2020 17:20:22 GMT - Info - Server is running on port: 3030
Wed, 25 Mar 2020 17:20:27 GMT - Info - Server is running on port: 3030
Wed, 25 Mar 2020 17:20:47 GMT - Info - Server is running on port: 3030
Wed, 25 Mar 2020 17:20:59 GMT - Info - Server is running on port: 3030
Wed, 25 Mar 2020 17:21:40 GMT - Info - Server is running on port: 3030
Wed, 25 Mar 2020 17:21:57 GMT - Info - Server is running on port: 3030
Wed, 25 Mar 2020 17:24:53 GMT - Info - Server is running on port: 3030
Wed, 25 Mar 2020 17:25:25 GMT - Info - Server is running on port: 3030
Wed, 25 Mar 2020 17:27:28 GMT - Info - Server is running on port: 3030
Wed, 25 Mar 2020 17:27:29 GMT - Info - Server is running on port: 3030
Wed, 25 Mar 2020 17:27:56 GMT - Info - Server is running on port: 3030
Wed, 25 Mar 2020 17:28:21 GMT - Info - Server is running on port: 3030
Wed, 25 Mar 2020 17:30:20 GMT - Info - Server is running on port: 3030
Wed, 25 Mar 2020 17:30:22 GMT - Info - Server is running on port: 3030
Wed, 25 Mar 2020 17:30:25 GMT - Info - Server is running on port: 3030
Wed, 25 Mar 2020 17:31:14 GMT - Info - Server is running on port: 3030
Wed, 25 Mar 2020 17:31:17 GMT - Info - Server is running on port: 3030
Wed, 25 Mar 2020 17:31:57 GMT - Info - Server is running on port: 3030
Wed, 25 Mar 2020 17:32:10 GMT - Info - Server is running on port: 3030
Wed, 25 Mar 2020 17:33:16 GMT - Info - Server is running on port: 3030
Wed, 25 Mar 2020 17:33:23 GMT - Info - Server is running on port: 3030
Wed, 25 Mar 2020 17:33:48 GMT - Info - Server is running on port: 3030
Wed, 25 Mar 2020 17:43:12 GMT - Info - Server is running on port: 3030
Wed, 25 Mar 2020 17:51:11 GMT - Info - Server is running on port: 3030
Wed, 25 Mar 2020 17:51:59 GMT - Info - Server is running on port: 3030
Wed, 25 Mar 2020 17:52:00 GMT - Info - Server is running on port: 3030
Wed, 25 Mar 2020 17:52:07 GMT - Info - Server is running on port: 3030
Wed, 25 Mar 2020 17:52:58 GMT - Info - Server is running on port: 3030
Wed, 25 Mar 2020 17:53:59 GMT - Info - Server is running on port: 3030
Wed, 25 Mar 2020 17:54:03 GMT - Info - Server is running on port: 3030
Wed, 25 Mar 2020 18:00:12 GMT - Info - Server is running on port: 3030
Wed, 25 Mar 2020 18:01:05 GMT - Info - Server is running on port: 3030
Wed, 25 Mar 2020 18:01:36 GMT - Info - Server is running on port: 3030
Wed, 25 Mar 2020 18:02:07 GMT - Info - Server is running on port: 3030
Wed, 25 Mar 2020 18:02:50 GMT - Info - Server is running on port: 3030
Wed, 25 Mar 2020 18:03:27 GMT - Info - Server is running on port: 3030
Wed, 25 Mar 2020 18:03:47 GMT - Info - Server is running on port: 3030
Wed, 25 Mar 2020 18:04:33 GMT - Info - Server is running on port: 3030
Wed, 25 Mar 2020 18:06:43 GMT - Info - Server is running on port: 3030
Wed, 25 Mar 2020 18:08:32 GMT - Info - Server is running on port: 3030
Wed, 25 Mar 2020 18:16:55 GMT - Info - Server is running on port: 3030
Wed, 25 Mar 2020 18:20:53 GMT - Info - Server is running on port: 3030
Wed, 25 Mar 2020 18:21:36 GMT - Info - Server is running on port: 3030
Wed, 25 Mar 2020 18:21:56 GMT - Info - Server is running on port: 3030
Wed, 25 Mar 2020 18:26:12 GMT - Info - Server is running on port: 3030
Wed, 25 Mar 2020 18:26:52 GMT - Info - Server is running on port: 3030
Wed, 25 Mar 2020 18:27:27 GMT - Info - Server is running on port: 3030
Wed, 25 Mar 2020 18:29:33 GMT - Info - Server is running on port: 3030
Wed, 25 Mar 2020 18:30:19 GMT - Info - Server is running on port: 3030
Wed, 25 Mar 2020 18:30:20 GMT - Info - Server is running on port: 3030
Wed, 25 Mar 2020 18:32:35 GMT - Info - Server is running on port: 3030
Wed, 25 Mar 2020 20:20:08 GMT - Info - Server is running on port: 3030
Wed, 25 Mar 2020 20:34:41 GMT - Info - Server is running on port: 3030
Wed, 25 Mar 2020 20:34:49 GMT - Info - Server is running on port: 3030
Wed, 25 Mar 2020 20:34:59 GMT - Info - Server is running on port: 3030
Wed, 25 Mar 2020 20:36:36 GMT - Info - Server is running on port: 3030
Wed, 25 Mar 2020 20:36:42 GMT - Info - Server is running on port: 3030
Wed, 25 Mar 2020 20:36:57 GMT - Info - Server is running on port: 3030
Wed, 25 Mar 2020 20:40:51 GMT - Info - Server is running on port: 3030
Wed, 25 Mar 2020 20:40:53 GMT - Info - Server is running on port: 3030
Wed, 25 Mar 2020 20:41:19 GMT - Info - Server is running on port: 3030
Wed, 25 Mar 2020 20:41:56 GMT - Info - Server is running on port: 3030
Wed, 25 Mar 2020 20:41:58 GMT - Info - Server is running on port: 3030
Wed, 25 Mar 2020 20:42:20 GMT - Info - Server is running on port: 3030
Wed, 25 Mar 2020 20:42:23 GMT - Info - Server is running on port: 3030
Wed, 25 Mar 2020 20:42:45 GMT - Info - Server is running on port: 3030
Wed, 25 Mar 2020 20:42:51 GMT - Info - Server is running on port: 3030
Wed, 25 Mar 2020 20:43:53 GMT - Info - Server is running on port: 3030
Wed, 25 Mar 2020 20:44:31 GMT - Info - Server is running on port: 3030
Wed, 25 Mar 2020 20:46:02 GMT - Info - Server is running on port: 3030
Wed, 25 Mar 2020 20:46:26 GMT - Info - Server is running on port: 3030
Wed, 25 Mar 2020 20:47:18 GMT - Info - Server is running on port: 3030
Wed, 25 Mar 2020 20:47:46 GMT - Info - Server is running on port: 3030
Wed, 25 Mar 2020 20:48:54 GMT - Info - Server is running on port: 3030
Wed, 25 Mar 2020 20:48:55 GMT - Info - Server is running on port: 3030
Wed, 25 Mar 2020 20:49:12 GMT - Info - Server is running on port: 3030
Wed, 25 Mar 2020 20:50:45 GMT - Info - Server is running on port: 3030
Wed, 25 Mar 2020 20:51:09 GMT - Info - Server is running on port: 3030
Wed, 25 Mar 2020 20:52:21 GMT - Info - Server is running on port: 3030
Wed, 25 Mar 2020 20:52:42 GMT - Info - Server is running on port: 3030
Wed, 25 Mar 2020 20:58:00 GMT - Info - Server is running on port: 3030
Wed, 25 Mar 2020 20:58:29 GMT - Info - Server is running on port: 3030
Wed, 25 Mar 2020 20:59:05 GMT - Info - Server is running on port: 3030
Wed, 25 Mar 2020 20:59:06 GMT - Info - Server is running on port: 3030
Wed, 25 Mar 2020 21:01:19 GMT - Info - Server is running on port: 3030
Wed, 25 Mar 2020 21:01:21 GMT - Info - Server is running on port: 3030
Wed, 25 Mar 2020 21:01:58 GMT - Info - Server is running on port: 3030
Wed, 25 Mar 2020 21:04:13 GMT - Info - Server is running on port: 3030
Wed, 25 Mar 2020 21:04:48 GMT - Info - Server is running on port: 3030
Wed, 25 Mar 2020 21:05:12 GMT - Info - Server is running on port: 3030
Wed, 25 Mar 2020 21:06:56 GMT - Info - Server is running on port: 3030
Wed, 25 Mar 2020 21:08:01 GMT - Info - Server is running on port: 3030
Wed, 25 Mar 2020 21:08:32 GMT - Info - Server is running on port: 3030
Wed, 25 Mar 2020 21:12:58 GMT - Info - Server is running on port: 3030
Wed, 25 Mar 2020 21:13:34 GMT - Info - Server is running on port: 3030
Wed, 25 Mar 2020 21:14:11 GMT - Info - Server is running on port: 3030
Wed, 25 Mar 2020 21:14:56 GMT - Info - Server is running on port: 3030
Wed, 25 Mar 2020 21:14:58 GMT - Info - Server is running on port: 3030
Wed, 25 Mar 2020 21:17:17 GMT - Info - Server is running on port: 3030
Wed, 25 Mar 2020 21:17:55 GMT - Info - Server is running on port: 3030
Wed, 25 Mar 2020 21:18:46 GMT - Info - Server is running on port: 3030
Wed, 25 Mar 2020 21:18:47 GMT - Info - Server is running on port: 3030
Wed, 25 Mar 2020 21:19:53 GMT - Info - Server is running on port: 3030
Wed, 25 Mar 2020 21:19:55 GMT - Info - Server is running on port: 3030
Wed, 25 Mar 2020 21:57:48 GMT - Info - Server is running on port: 3030
Wed, 25 Mar 2020 21:58:43 GMT - Info - Server is running on port: 3030
Wed, 25 Mar 2020 21:58:44 GMT - Info - Server is running on port: 3030
Wed, 25 Mar 2020 21:58:49 GMT - Info - Server is running on port: 3030
Wed, 25 Mar 2020 23:13:17 GMT - Info - Server is running on port: 3030
Wed, 25 Mar 2020 23:22:37 GMT - Info - Server is running on port: 3030
Wed, 25 Mar 2020 23:22:39 GMT - Info - Server is running on port: 3030
Wed, 25 Mar 2020 23:23:34 GMT - Info - Server is running on port: 3030
Wed, 25 Mar 2020 23:24:21 GMT - Info - Server is running on port: 3030
Wed, 25 Mar 2020 23:24:31 GMT - Info - Server is running on port: 3030
Wed, 25 Mar 2020 23:24:51 GMT - Info - Server is running on port: 3030
Wed, 25 Mar 2020 23:24:55 GMT - Info - Server is running on port: 3030
Wed, 25 Mar 2020 23:25:53 GMT - Info - Server is running on port: 3030
Wed, 25 Mar 2020 23:25:54 GMT - Info - Server is running on port: 3030
Wed, 25 Mar 2020 23:26:25 GMT - Info - Server is running on port: 3030
Wed, 25 Mar 2020 23:27:09 GMT - Info - Server is running on port: 3030
Wed, 25 Mar 2020 23:27:44 GMT - Info - Server is running on port: 3030
Wed, 25 Mar 2020 23:28:32 GMT - Info - Server is running on port: 3030
Wed, 25 Mar 2020 23:28:48 GMT - Info - Server is running on port: 3030
Wed, 25 Mar 2020 23:30:07 GMT - Info - Server is running on port: 3030
Wed, 25 Mar 2020 23:30:08 GMT - Info - Server is running on port: 3030
Wed, 25 Mar 2020 23:30:35 GMT - Info - Server is running on port: 3030
Wed, 25 Mar 2020 23:30:51 GMT - Info - Server is running on port: 3030
Wed, 25 Mar 2020 23:31:16 GMT - Info - Server is running on port: 3030
Wed, 25 Mar 2020 23:31:27 GMT - Info - Server is running on port: 3030
Wed, 25 Mar 2020 23:31:35 GMT - Info - Server is running on port: 3030
Wed, 25 Mar 2020 23:31:58 GMT - Info - Server is running on port: 3030
Wed, 25 Mar 2020 23:32:01 GMT - Info - Server is running on port: 3030
Wed, 25 Mar 2020 23:32:19 GMT - Info - Server is running on port: 3030
Wed, 25 Mar 2020 23:32:37 GMT - Info - Server is running on port: 3030
Wed, 25 Mar 2020 23:32:46 GMT - Info - Server is running on port: 3030
Wed, 25 Mar 2020 23:33:06 GMT - Info - Server is running on port: 3030
Wed, 25 Mar 2020 23:44:56 GMT - Debug - auth.service - login with email: a
Thu, 26 Mar 2020 00:02:25 GMT - Debug - auth.service - login with email: j
Thu, 26 Mar 2020 00:16:47 GMT - Info - Server is running on port: 3030
Thu, 26 Mar 2020 00:17:53 GMT - Info - Server is running on port: 3030
Thu, 26 Mar 2020 00:18:23 GMT - Info - Server is running on port: 3030
Thu, 26 Mar 2020 09:08:26 GMT - Info - Server is running on port: 3030
Thu, 26 Mar 2020 09:36:20 GMT - Info - Server is running on port: 3030
Thu, 26 Mar 2020 09:37:53 GMT - Info - Server is running on port: 3030
Thu, 26 Mar 2020 09:38:11 GMT - Info - Server is running on port: 3030
Thu, 26 Mar 2020 09:38:21 GMT - Info - Server is running on port: 3030
Thu, 26 Mar 2020 09:40:10 GMT - Info - Server is running on port: 3030
Thu, 26 Mar 2020 09:40:41 GMT - Info - Server is running on port: 3030
Thu, 26 Mar 2020 09:41:01 GMT - Info - Server is running on port: 3030
Thu, 26 Mar 2020 09:41:48 GMT - Info - Server is running on port: 3030
Thu, 26 Mar 2020 09:42:23 GMT - Info - Server is running on port: 3030
Thu, 26 Mar 2020 09:42:54 GMT - Info - Server is running on port: 3030
Thu, 26 Mar 2020 09:43:05 GMT - Info - Server is running on port: 3030
Thu, 26 Mar 2020 09:43:57 GMT - Info - Server is running on port: 3030
Thu, 26 Mar 2020 09:44:06 GMT - Info - Server is running on port: 3030
Thu, 26 Mar 2020 09:45:32 GMT - Info - Server is running on port: 3030
Thu, 26 Mar 2020 09:45:33 GMT - Info - Server is running on port: 3030
Thu, 26 Mar 2020 09:46:04 GMT - Info - Server is running on port: 3030
Thu, 26 Mar 2020 09:46:16 GMT - Info - Server is running on port: 3030
Thu, 26 Mar 2020 09:47:13 GMT - Info - Server is running on port: 3030
Thu, 26 Mar 2020 09:47:30 GMT - Info - Server is running on port: 3030
Thu, 26 Mar 2020 09:48:04 GMT - Info - Server is running on port: 3030
Thu, 26 Mar 2020 09:48:45 GMT - Info - Server is running on port: 3030
Thu, 26 Mar 2020 09:48:48 GMT - Info - Server is running on port: 3030
Thu, 26 Mar 2020 09:48:57 GMT - Info - Server is running on port: 3030
Thu, 26 Mar 2020 09:50:34 GMT - Info - Server is running on port: 3030
Thu, 26 Mar 2020 09:50:35 GMT - Info - Server is running on port: 3030
Thu, 26 Mar 2020 09:56:30 GMT - Info - Server is running on port: 3030
Thu, 26 Mar 2020 10:31:11 GMT - Info - Server is running on port: 3030
Thu, 26 Mar 2020 10:31:12 GMT - Info - Server is running on port: 3030
Thu, 26 Mar 2020 10:31:36 GMT - Info - Server is running on port: 3030
Thu, 26 Mar 2020 10:32:57 GMT - Info - Server is running on port: 3030
Thu, 26 Mar 2020 10:33:14 GMT - Info - Server is running on port: 3030
Thu, 26 Mar 2020 10:35:23 GMT - Info - Server is running on port: 3030
Thu, 26 Mar 2020 10:59:36 GMT - Info - Server is running on port: 3030
Thu, 26 Mar 2020 10:59:38 GMT - Info - Server is running on port: 3030
Thu, 26 Mar 2020 11:36:26 GMT - Info - Server is running on port: 3030
Thu, 26 Mar 2020 11:36:28 GMT - Info - Server is running on port: 3030
Thu, 26 Mar 2020 11:40:05 GMT - Error - Cannot get reviews
Thu, 26 Mar 2020 11:40:40 GMT - Info - Server is running on port: 3030
Thu, 26 Mar 2020 11:40:42 GMT - Info - Server is running on port: 3030
Thu, 26 Mar 2020 11:41:01 GMT - Info - Server is running on port: 3030
Thu, 26 Mar 2020 11:42:06 GMT - Info - Server is running on port: 3030
Thu, 26 Mar 2020 11:42:07 GMT - Info - Server is running on port: 3030
Thu, 26 Mar 2020 11:42:40 GMT - Info - Server is running on port: 3030
Thu, 26 Mar 2020 11:44:32 GMT - Info - Server is running on port: 3030
Thu, 26 Mar 2020 11:48:49 GMT - Info - Server is running on port: 3030
Thu, 26 Mar 2020 11:53:08 GMT - Info - Server is running on port: 3030
Thu, 26 Mar 2020 11:54:10 GMT - Info - Server is running on port: 3030
Thu, 26 Mar 2020 11:54:13 GMT - Error - Cannot get reviews
Thu, 26 Mar 2020 11:54:51 GMT - Info - Server is running on port: 3030
Thu, 26 Mar 2020 11:54:54 GMT - Error - Cannot get reviews
Thu, 26 Mar 2020 11:55:12 GMT - Info - Server is running on port: 3030
Thu, 26 Mar 2020 11:55:13 GMT - Error - Cannot get reviews
Thu, 26 Mar 2020 11:55:41 GMT - Info - Server is running on port: 3030
Thu, 26 Mar 2020 11:55:53 GMT - Info - Server is running on port: 3030
Thu, 26 Mar 2020 11:55:55 GMT - Error - Cannot get reviews
Thu, 26 Mar 2020 11:56:48 GMT - Error - Cannot get reviews
Thu, 26 Mar 2020 11:56:50 GMT - Info - Server is running on port: 3030
Thu, 26 Mar 2020 11:56:54 GMT - Error - Cannot get reviews
Thu, 26 Mar 2020 11:57:22 GMT - Info - Server is running on port: 3030
Thu, 26 Mar 2020 11:57:23 GMT - Error - Cannot get reviews
Thu, 26 Mar 2020 11:57:43 GMT - Info - Server is running on port: 3030
Thu, 26 Mar 2020 11:57:45 GMT - Error - Cannot get reviews
Thu, 26 Mar 2020 11:58:12 GMT - Info - Server is running on port: 3030
Thu, 26 Mar 2020 11:58:29 GMT - Info - Server is running on port: 3030
Thu, 26 Mar 2020 11:58:31 GMT - Error - Cannot get reviews
Thu, 26 Mar 2020 11:58:43 GMT - Info - Server is running on port: 3030
Thu, 26 Mar 2020 11:59:35 GMT - Info - Server is running on port: 3030
Thu, 26 Mar 2020 11:59:37 GMT - Info - Server is running on port: 3030
Thu, 26 Mar 2020 11:59:39 GMT - Error - Cannot get reviews
Thu, 26 Mar 2020 12:00:11 GMT - Info - Server is running on port: 3030
Thu, 26 Mar 2020 12:00:13 GMT - Error - Cannot get reviews
Thu, 26 Mar 2020 12:00:41 GMT - Info - Server is running on port: 3030
Thu, 26 Mar 2020 12:00:45 GMT - Error - Cannot get reviews
Thu, 26 Mar 2020 12:01:20 GMT - Error - Cannot get reviews
Thu, 26 Mar 2020 12:01:22 GMT - Info - Server is running on port: 3030
Thu, 26 Mar 2020 12:01:50 GMT - Info - Server is running on port: 3030
Thu, 26 Mar 2020 12:01:53 GMT - Error - Cannot get reviews
Thu, 26 Mar 2020 12:02:26 GMT - Info - Server is running on port: 3030
Thu, 26 Mar 2020 12:02:28 GMT - Error - Cannot get reviews
Thu, 26 Mar 2020 12:02:39 GMT - Info - Server is running on port: 3030
Thu, 26 Mar 2020 12:02:44 GMT - Info - Server is running on port: 3030
Thu, 26 Mar 2020 12:02:47 GMT - Error - Cannot get reviews
Thu, 26 Mar 2020 12:03:54 GMT - Info - Server is running on port: 3030
Thu, 26 Mar 2020 12:04:31 GMT - Info - Server is running on port: 3030
Thu, 26 Mar 2020 12:04:33 GMT - Error - Cannot get reviews
Thu, 26 Mar 2020 12:04:52 GMT - Info - Server is running on port: 3030
Thu, 26 Mar 2020 12:04:55 GMT - Error - Cannot get reviews
Thu, 26 Mar 2020 12:05:06 GMT - Info - Server is running on port: 3030
Thu, 26 Mar 2020 12:05:10 GMT - Error - Cannot get reviews
Thu, 26 Mar 2020 12:07:42 GMT - Info - Server is running on port: 3030
Thu, 26 Mar 2020 12:08:28 GMT - Info - Server is running on port: 3030
Thu, 26 Mar 2020 12:08:30 GMT - Info - Server is running on port: 3030
Thu, 26 Mar 2020 12:08:34 GMT - Info - Server is running on port: 3030
Thu, 26 Mar 2020 12:34:32 GMT - Info - Server is running on port: 3030
Thu, 26 Mar 2020 12:34:48 GMT - Info - Server is running on port: 3030
Thu, 26 Mar 2020 12:34:54 GMT - Error - Cannot get reviews
Thu, 26 Mar 2020 12:35:50 GMT - Info - Server is running on port: 3030
Thu, 26 Mar 2020 12:37:08 GMT - Info - Server is running on port: 3030
Thu, 26 Mar 2020 12:37:12 GMT - Error - Cannot get reviews
Thu, 26 Mar 2020 12:38:08 GMT - Info - Server is running on port: 3030
Thu, 26 Mar 2020 12:38:09 GMT - Error - Cannot get reviews
Thu, 26 Mar 2020 12:38:54 GMT - Info - Server is running on port: 3030
Thu, 26 Mar 2020 12:38:56 GMT - Info - Server is running on port: 3030
Thu, 26 Mar 2020 12:39:01 GMT - Error - Cannot get reviews
Thu, 26 Mar 2020 12:41:32 GMT - Error - Cannot get reviews
Thu, 26 Mar 2020 12:41:32 GMT - Error - Cannot get reviews
Thu, 26 Mar 2020 12:41:32 GMT - Error - Cannot get reviews
Thu, 26 Mar 2020 12:41:33 GMT - Info - Server is running on port: 3030
Thu, 26 Mar 2020 12:41:38 GMT - Info - Server is running on port: 3030
Thu, 26 Mar 2020 12:41:42 GMT - Error - Cannot get reviews
Thu, 26 Mar 2020 12:44:56 GMT - Error - Cannot get reviews
Thu, 26 Mar 2020 12:44:58 GMT - Info - Server is running on port: 3030
Thu, 26 Mar 2020 12:45:23 GMT - Info - Server is running on port: 3030
Thu, 26 Mar 2020 12:45:25 GMT - Error - Cannot get reviews
Thu, 26 Mar 2020 12:46:52 GMT - Info - Server is running on port: 3030
Thu, 26 Mar 2020 12:46:54 GMT - Info - Server is running on port: 3030
Thu, 26 Mar 2020 12:46:55 GMT - Error - Cannot get reviews
Thu, 26 Mar 2020 12:47:04 GMT - Info - Server is running on port: 3030
Thu, 26 Mar 2020 12:47:57 GMT - Info - Server is running on port: 3030
Thu, 26 Mar 2020 12:48:07 GMT - Error - Cannot get reviews
Thu, 26 Mar 2020 12:48:28 GMT - Info - Server is running on port: 3030
Thu, 26 Mar 2020 12:48:31 GMT - Error - Cannot get reviews
Thu, 26 Mar 2020 12:49:32 GMT - Info - Server is running on port: 3030
Thu, 26 Mar 2020 12:49:33 GMT - Info - Server is running on port: 3030
Thu, 26 Mar 2020 12:49:39 GMT - Info - Server is running on port: 3030
Thu, 26 Mar 2020 12:49:49 GMT - Info - Server is running on port: 3030
Thu, 26 Mar 2020 12:49:52 GMT - Error - Cannot get reviews
Thu, 26 Mar 2020 12:50:02 GMT - Info - Server is running on port: 3030
Thu, 26 Mar 2020 12:50:44 GMT - Info - Server is running on port: 3030
Thu, 26 Mar 2020 12:50:46 GMT - Error - Cannot get reviews
Thu, 26 Mar 2020 12:50:59 GMT - Info - Server is running on port: 3030
Thu, 26 Mar 2020 12:51:12 GMT - Info - Server is running on port: 3030
Thu, 26 Mar 2020 12:51:15 GMT - Error - Cannot get reviews
Thu, 26 Mar 2020 12:51:34 GMT - Info - Server is running on port: 3030
Thu, 26 Mar 2020 12:51:41 GMT - Info - Server is running on port: 3030
Thu, 26 Mar 2020 12:51:43 GMT - Error - Cannot get reviews
Thu, 26 Mar 2020 12:51:49 GMT - Info - Server is running on port: 3030
Thu, 26 Mar 2020 12:53:01 GMT - Info - Server is running on port: 3030
Thu, 26 Mar 2020 12:53:05 GMT - Error - Cannot get reviews
Thu, 26 Mar 2020 12:54:18 GMT - Info - Server is running on port: 3030
Thu, 26 Mar 2020 12:57:37 GMT - Info - Server is running on port: 3030
Thu, 26 Mar 2020 12:57:41 GMT - Error - Cannot get reviews
Thu, 26 Mar 2020 12:59:28 GMT - Info - Server is running on port: 3030
Thu, 26 Mar 2020 12:59:29 GMT - Error - Cannot get reviews
Thu, 26 Mar 2020 13:01:08 GMT - Info - Server is running on port: 3030
Thu, 26 Mar 2020 13:01:09 GMT - Error - Cannot get reviews
Thu, 26 Mar 2020 13:01:29 GMT - Info - Server is running on port: 3030
Thu, 26 Mar 2020 13:01:31 GMT - Error - Cannot get reviews
Thu, 26 Mar 2020 13:01:41 GMT - Info - Server is running on port: 3030
Thu, 26 Mar 2020 13:01:57 GMT - Info - Server is running on port: 3030
Thu, 26 Mar 2020 13:05:44 GMT - Info - Server is running on port: 3030
Thu, 26 Mar 2020 13:06:05 GMT - Info - Server is running on port: 3030
Thu, 26 Mar 2020 13:07:10 GMT - Info - Server is running on port: 3030
Thu, 26 Mar 2020 13:07:36 GMT - Info - Server is running on port: 3030
Thu, 26 Mar 2020 13:08:17 GMT - Info - Server is running on port: 3030
Thu, 26 Mar 2020 13:08:22 GMT - Info - Server is running on port: 3030
Thu, 26 Mar 2020 13:08:30 GMT - Error - Cannot get reviews
Thu, 26 Mar 2020 13:08:32 GMT - Error - Cannot get reviews
Thu, 26 Mar 2020 13:08:45 GMT - Info - Server is running on port: 3030
Thu, 26 Mar 2020 13:08:47 GMT - Info - Server is running on port: 3030
Thu, 26 Mar 2020 13:08:49 GMT - Error - Cannot get reviews
Thu, 26 Mar 2020 13:09:04 GMT - Info - Server is running on port: 3030
Thu, 26 Mar 2020 13:09:17 GMT - Info - Server is running on port: 3030
Thu, 26 Mar 2020 13:09:19 GMT - Error - Cannot get reviews
Thu, 26 Mar 2020 13:09:36 GMT - Info - Server is running on port: 3030
Thu, 26 Mar 2020 13:09:38 GMT - Info - Server is running on port: 3030
Thu, 26 Mar 2020 13:09:48 GMT - Error - Cannot get reviews
Thu, 26 Mar 2020 13:10:07 GMT - Info - Server is running on port: 3030
Thu, 26 Mar 2020 13:10:08 GMT - Error - Cannot get reviews
Thu, 26 Mar 2020 13:10:31 GMT - Info - Server is running on port: 3030
Thu, 26 Mar 2020 13:10:47 GMT - Info - Server is running on port: 3030
Thu, 26 Mar 2020 13:10:57 GMT - Info - Server is running on port: 3030
Thu, 26 Mar 2020 13:11:03 GMT - Error - Cannot get reviews
Thu, 26 Mar 2020 13:11:25 GMT - Info - Server is running on port: 3030
Thu, 26 Mar 2020 13:11:28 GMT - Error - Cannot get reviews
Thu, 26 Mar 2020 13:12:31 GMT - Info - Server is running on port: 3030
Thu, 26 Mar 2020 13:12:32 GMT - Info - Server is running on port: 3030
Thu, 26 Mar 2020 13:12:33 GMT - Error - Cannot get reviews
Thu, 26 Mar 2020 13:13:11 GMT - Info - Server is running on port: 3030
Thu, 26 Mar 2020 13:13:16 GMT - Error - Cannot get reviews
Thu, 26 Mar 2020 13:14:29 GMT - Info - Server is running on port: 3030
Thu, 26 Mar 2020 13:14:39 GMT - Info - Server is running on port: 3030
Thu, 26 Mar 2020 13:14:42 GMT - Error - Cannot get reviews
Thu, 26 Mar 2020 13:15:33 GMT - Error - Cannot get reviews
Thu, 26 Mar 2020 13:15:34 GMT - Info - Server is running on port: 3030
Thu, 26 Mar 2020 13:16:25 GMT - Info - Server is running on port: 3030
Thu, 26 Mar 2020 13:16:27 GMT - Error - Cannot get reviews
Thu, 26 Mar 2020 13:16:50 GMT - Info - Server is running on port: 3030
Thu, 26 Mar 2020 13:16:53 GMT - Error - Cannot get reviews
Thu, 26 Mar 2020 13:17:25 GMT - Info - Server is running on port: 3030
Thu, 26 Mar 2020 13:17:29 GMT - Error - Cannot get reviews
Thu, 26 Mar 2020 13:17:57 GMT - Info - Server is running on port: 3030
Thu, 26 Mar 2020 13:18:02 GMT - Error - Cannot get reviews
Thu, 26 Mar 2020 13:18:37 GMT - Info - Server is running on port: 3030
Thu, 26 Mar 2020 13:18:39 GMT - Error - Cannot get reviews
Thu, 26 Mar 2020 13:19:02 GMT - Info - Server is running on port: 3030
Thu, 26 Mar 2020 13:19:15 GMT - Info - Server is running on port: 3030
Thu, 26 Mar 2020 13:19:18 GMT - Error - Cannot get reviews
Thu, 26 Mar 2020 13:19:42 GMT - Info - Server is running on port: 3030
Thu, 26 Mar 2020 13:19:44 GMT - Error - Cannot get reviews
Thu, 26 Mar 2020 13:20:10 GMT - Info - Server is running on port: 3030
Thu, 26 Mar 2020 13:20:31 GMT - Info - Server is running on port: 3030
Thu, 26 Mar 2020 13:20:39 GMT - Info - Server is running on port: 3030
Thu, 26 Mar 2020 13:20:50 GMT - Info - Server is running on port: 3030
Thu, 26 Mar 2020 13:21:10 GMT - Info - Server is running on port: 3030
Thu, 26 Mar 2020 13:24:26 GMT - Info - Server is running on port: 3030
Thu, 26 Mar 2020 13:24:31 GMT - Error - Cannot get reviews
Thu, 26 Mar 2020 13:24:34 GMT - Error - Cannot get reviews
Thu, 26 Mar 2020 13:25:05 GMT - Info - Server is running on port: 3030
Thu, 26 Mar 2020 13:25:31 GMT - Info - Server is running on port: 3030
Thu, 26 Mar 2020 14:07:31 GMT - Info - Server is running on port: 3030
Thu, 26 Mar 2020 14:14:07 GMT - Info - Server is running on port: 3030
Thu, 26 Mar 2020 14:21:08 GMT - Info - Server is running on port: 3030
Thu, 26 Mar 2020 14:21:09 GMT - Info - Server is running on port: 3030
Thu, 26 Mar 2020 14:21:13 GMT - Info - Server is running on port: 3030
Thu, 26 Mar 2020 14:22:39 GMT - Info - Server is running on port: 3030
Thu, 26 Mar 2020 16:34:56 GMT - Debug - auth.service - login with email: a
Thu, 26 Mar 2020 21:58:12 GMT - Info - Server is running on port: 3030
Thu, 26 Mar 2020 22:01:18 GMT - Info - Server is running on port: 3030
Thu, 26 Mar 2020 22:17:32 GMT - Info - Server is running on port: 3030
Thu, 26 Mar 2020 22:29:24 GMT - Info - Server is running on port: 3030
Thu, 26 Mar 2020 22:30:23 GMT - Info - Server is running on port: 3030
Thu, 26 Mar 2020 22:31:02 GMT - Info - Server is running on port: 3030
Thu, 26 Mar 2020 22:32:24 GMT - Info - Server is running on port: 3030
Thu, 26 Mar 2020 22:32:45 GMT - Info - Server is running on port: 3030
Thu, 26 Mar 2020 22:35:53 GMT - Info - Server is running on port: 3030
Thu, 26 Mar 2020 22:46:32 GMT - Debug - auth.service - login with email: j
Thu, 26 Mar 2020 23:00:23 GMT - Info - Server is running on port: 3030
Fri, 27 Mar 2020 10:11:35 GMT - Info - Server is running on port: 3030
Fri, 27 Mar 2020 10:14:19 GMT - Info - Server is running on port: 3030
Fri, 27 Mar 2020 10:14:34 GMT - Info - Server is running on port: 3030
Fri, 27 Mar 2020 10:15:28 GMT - Info - Server is running on port: 3030
Fri, 27 Mar 2020 10:17:54 GMT - Info - Server is running on port: 3030
Fri, 27 Mar 2020 10:19:37 GMT - Info - Server is running on port: 3030
Fri, 27 Mar 2020 10:20:17 GMT - Info - Server is running on port: 3030
Fri, 27 Mar 2020 10:27:49 GMT - Info - Server is running on port: 3030
Fri, 27 Mar 2020 10:29:16 GMT - Info - Server is running on port: 3030
Fri, 27 Mar 2020 10:50:36 GMT - Info - Server is running on port: 3030
Fri, 27 Mar 2020 11:13:32 GMT - Info - Server is running on port: 3030
Fri, 27 Mar 2020 11:14:30 GMT - Info - Server is running on port: 3030
Fri, 27 Mar 2020 11:14:32 GMT - Info - Server is running on port: 3030
Fri, 27 Mar 2020 11:18:43 GMT - Info - Server is running on port: 3030
Fri, 27 Mar 2020 11:20:12 GMT - Info - Server is running on port: 3030
Fri, 27 Mar 2020 11:21:59 GMT - Info - Server is running on port: 3030
Fri, 27 Mar 2020 11:22:01 GMT - Info - Server is running on port: 3030
Fri, 27 Mar 2020 11:23:08 GMT - Info - Server is running on port: 3030
Fri, 27 Mar 2020 11:23:24 GMT - Info - Server is running on port: 3030
Fri, 27 Mar 2020 11:23:40 GMT - Info - Server is running on port: 3030
Fri, 27 Mar 2020 11:23:59 GMT - Info - Server is running on port: 3030
Fri, 27 Mar 2020 11:24:31 GMT - Info - Server is running on port: 3030
Fri, 27 Mar 2020 11:25:31 GMT - Info - Server is running on port: 3030
Fri, 27 Mar 2020 11:25:33 GMT - Info - Server is running on port: 3030
Fri, 27 Mar 2020 11:25:41 GMT - Info - Server is running on port: 3030
Fri, 27 Mar 2020 11:25:58 GMT - Info - Server is running on port: 3030
Fri, 27 Mar 2020 11:27:33 GMT - Info - Server is running on port: 3030
Fri, 27 Mar 2020 11:27:35 GMT - Info - Server is running on port: 3030
Fri, 27 Mar 2020 11:27:58 GMT - Info - Server is running on port: 3030
Fri, 27 Mar 2020 11:28:51 GMT - Info - Server is running on port: 3030
Fri, 27 Mar 2020 11:29:21 GMT - Info - Server is running on port: 3030
Fri, 27 Mar 2020 11:30:52 GMT - Info - Server is running on port: 3030
Fri, 27 Mar 2020 11:31:01 GMT - Info - Server is running on port: 3030
Fri, 27 Mar 2020 11:34:21 GMT - Info - Server is running on port: 3030
Fri, 27 Mar 2020 11:35:16 GMT - Info - Server is running on port: 3030
Fri, 27 Mar 2020 11:35:19 GMT - Info - Server is running on port: 3030
Fri, 27 Mar 2020 12:26:02 GMT - Info - Server is running on port: 3030
Fri, 27 Mar 2020 12:31:11 GMT - Info - Server is running on port: 3030
Fri, 27 Mar 2020 12:31:45 GMT - Info - Server is running on port: 3030
Fri, 27 Mar 2020 12:31:46 GMT - Info - Server is running on port: 3030
Fri, 27 Mar 2020 12:32:12 GMT - Info - Server is running on port: 3030
Fri, 27 Mar 2020 12:32:17 GMT - Info - Server is running on port: 3030
Fri, 27 Mar 2020 12:33:20 GMT - Info - Server is running on port: 3030
Fri, 27 Mar 2020 12:34:57 GMT - Info - Server is running on port: 3030
Fri, 27 Mar 2020 12:34:59 GMT - Info - Server is running on port: 3030
Fri, 27 Mar 2020 12:41:45 GMT - Info - Server is running on port: 3030
Fri, 27 Mar 2020 12:43:11 GMT - Info - Server is running on port: 3030
Fri, 27 Mar 2020 12:43:28 GMT - Info - Server is running on port: 3030
Fri, 27 Mar 2020 12:54:53 GMT - Info - Server is running on port: 3030
Fri, 27 Mar 2020 12:55:54 GMT - Info - Server is running on port: 3030
Fri, 27 Mar 2020 12:57:36 GMT - Info - Server is running on port: 3030
Fri, 27 Mar 2020 13:07:59 GMT - Info - Server is running on port: 3030
Fri, 27 Mar 2020 13:08:50 GMT - Info - Server is running on port: 3030
Fri, 27 Mar 2020 13:09:50 GMT - Info - Server is running on port: 3030
Fri, 27 Mar 2020 13:11:49 GMT - Info - Server is running on port: 3030
Fri, 27 Mar 2020 13:13:21 GMT - Info - Server is running on port: 3030
Fri, 27 Mar 2020 13:13:59 GMT - Info - Server is running on port: 3030
Fri, 27 Mar 2020 21:54:16 GMT - Info - Server is running on port: 3030
Sat, 28 Mar 2020 00:24:19 GMT - Info - Server is running on port: 3030
Sat, 28 Mar 2020 00:24:37 GMT - Info - Server is running on port: 3030
Sat, 28 Mar 2020 00:24:42 GMT - Info - Server is running on port: 3030
Sat, 28 Mar 2020 00:24:50 GMT - Info - Server is running on port: 3030
Sat, 28 Mar 2020 00:25:02 GMT - Info - Server is running on port: 3030
Sat, 28 Mar 2020 00:25:30 GMT - Info - Server is running on port: 3030
Sat, 28 Mar 2020 00:26:04 GMT - Info - Server is running on port: 3030
Sat, 28 Mar 2020 00:26:11 GMT - Info - Server is running on port: 3030
Sat, 28 Mar 2020 00:30:49 GMT - Info - Server is running on port: 3030
Sat, 28 Mar 2020 00:33:33 GMT - Info - Server is running on port: 3030
Sat, 28 Mar 2020 00:34:03 GMT - Info - Server is running on port: 3030
Sat, 28 Mar 2020 00:34:24 GMT - Info - Server is running on port: 3030
Sat, 28 Mar 2020 00:34:50 GMT - Info - Server is running on port: 3030
Sat, 28 Mar 2020 00:38:36 GMT - Info - Server is running on port: 3030
Sat, 28 Mar 2020 00:40:16 GMT - Info - Server is running on port: 3030
Sat, 28 Mar 2020 00:40:36 GMT - Info - Server is running on port: 3030
Sat, 28 Mar 2020 00:41:12 GMT - Info - Server is running on port: 3030
Sat, 28 Mar 2020 00:41:24 GMT - Info - Server is running on port: 3030
Sat, 28 Mar 2020 00:44:12 GMT - Info - Server is running on port: 3030
Sat, 28 Mar 2020 00:49:51 GMT - Info - Server is running on port: 3030
Sat, 28 Mar 2020 01:00:33 GMT - Info - Server is running on port: 3030
Sat, 28 Mar 2020 01:04:19 GMT - Info - Server is running on port: 3030
Sat, 28 Mar 2020 01:05:12 GMT - Info - Server is running on port: 3030
Sat, 28 Mar 2020 01:06:20 GMT - Info - Server is running on port: 3030
Sat, 28 Mar 2020 01:07:33 GMT - Info - Server is running on port: 3030
Sat, 28 Mar 2020 01:08:29 GMT - Info - Server is running on port: 3030
Sat, 28 Mar 2020 01:08:31 GMT - Info - Server is running on port: 3030
Sat, 28 Mar 2020 01:08:36 GMT - Info - Server is running on port: 3030
Sat, 28 Mar 2020 01:08:41 GMT - Info - Server is running on port: 3030
Sat, 28 Mar 2020 01:09:58 GMT - Info - Server is running on port: 3030
Sat, 28 Mar 2020 01:12:13 GMT - Info - Server is running on port: 3030
Sat, 28 Mar 2020 01:12:37 GMT - Info - Server is running on port: 3030
Sat, 28 Mar 2020 01:12:59 GMT - Info - Server is running on port: 3030
Sat, 28 Mar 2020 01:13:45 GMT - Info - Server is running on port: 3030
Sat, 28 Mar 2020 01:14:37 GMT - Info - Server is running on port: 3030
Sat, 28 Mar 2020 01:17:45 GMT - Info - Server is running on port: 3030
Sat, 28 Mar 2020 01:17:54 GMT - Info - Server is running on port: 3030
Sat, 28 Mar 2020 01:23:29 GMT - Info - Server is running on port: 3030
Sat, 28 Mar 2020 01:23:30 GMT - Info - Server is running on port: 3030
Sat, 28 Mar 2020 01:26:48 GMT - Info - Server is running on port: 3030
Sat, 28 Mar 2020 01:28:04 GMT - Info - Server is running on port: 3030
Sat, 28 Mar 2020 01:28:06 GMT - Info - Server is running on port: 3030
Sat, 28 Mar 2020 01:28:35 GMT - Info - Server is running on port: 3030
Sat, 28 Mar 2020 01:28:37 GMT - Info - Server is running on port: 3030
Sat, 28 Mar 2020 01:29:11 GMT - Info - Server is running on port: 3030
Sat, 28 Mar 2020 01:29:19 GMT - Info - Server is running on port: 3030
Sat, 28 Mar 2020 01:30:58 GMT - Info - Server is running on port: 3030
Sat, 28 Mar 2020 01:31:00 GMT - Info - Server is running on port: 3030
Sat, 28 Mar 2020 01:32:09 GMT - Info - Server is running on port: 3030
Sat, 28 Mar 2020 01:32:12 GMT - Info - Server is running on port: 3030
Sat, 28 Mar 2020 01:33:20 GMT - Info - Server is running on port: 3030
Sat, 28 Mar 2020 01:33:22 GMT - Info - Server is running on port: 3030
Sat, 28 Mar 2020 01:34:05 GMT - Info - Server is running on port: 3030
Sat, 28 Mar 2020 01:34:11 GMT - Info - Server is running on port: 3030
Sat, 28 Mar 2020 01:34:52 GMT - Info - Server is running on port: 3030
Sat, 28 Mar 2020 01:35:33 GMT - Info - Server is running on port: 3030
Sat, 28 Mar 2020 01:35:40 GMT - Info - Server is running on port: 3030
Sat, 28 Mar 2020 01:36:20 GMT - Info - Server is running on port: 3030
Sat, 28 Mar 2020 01:36:22 GMT - Info - Server is running on port: 3030
Sat, 28 Mar 2020 01:36:44 GMT - Info - Server is running on port: 3030
Sat, 28 Mar 2020 01:36:47 GMT - Info - Server is running on port: 3030
Sat, 28 Mar 2020 01:36:59 GMT - Info - Server is running on port: 3030
Sat, 28 Mar 2020 01:37:03 GMT - Info - Server is running on port: 3030
Sat, 28 Mar 2020 01:37:58 GMT - Info - Server is running on port: 3030
Sat, 28 Mar 2020 01:38:03 GMT - Info - Server is running on port: 3030
Sat, 28 Mar 2020 01:38:38 GMT - Info - Server is running on port: 3030
Sat, 28 Mar 2020 01:38:55 GMT - Info - Server is running on port: 3030
Sat, 28 Mar 2020 01:39:05 GMT - Info - Server is running on port: 3030
Sat, 28 Mar 2020 01:39:11 GMT - Info - Server is running on port: 3030
Sat, 28 Mar 2020 01:39:23 GMT - Info - Server is running on port: 3030
Sat, 28 Mar 2020 01:39:55 GMT - Info - Server is running on port: 3030
Sat, 28 Mar 2020 01:40:05 GMT - Info - Server is running on port: 3030
Sat, 28 Mar 2020 01:40:57 GMT - Info - Server is running on port: 3030
Sat, 28 Mar 2020 01:40:59 GMT - Info - Server is running on port: 3030
Sat, 28 Mar 2020 01:41:04 GMT - Info - Server is running on port: 3030
Sat, 28 Mar 2020 01:41:19 GMT - Info - Server is running on port: 3030
Sat, 28 Mar 2020 01:41:57 GMT - Info - Server is running on port: 3030
Sat, 28 Mar 2020 01:42:42 GMT - Info - Server is running on port: 3030
Sat, 28 Mar 2020 01:42:43 GMT - Info - Server is running on port: 3030
Sat, 28 Mar 2020 01:42:54 GMT - Info - Server is running on port: 3030
Sat, 28 Mar 2020 01:43:19 GMT - Info - Server is running on port: 3030
Sat, 28 Mar 2020 01:43:50 GMT - Info - Server is running on port: 3030
Sat, 28 Mar 2020 01:44:22 GMT - Info - Server is running on port: 3030
Sat, 28 Mar 2020 01:44:47 GMT - Info - Server is running on port: 3030
Sat, 28 Mar 2020 01:45:00 GMT - Info - Server is running on port: 3030
Sat, 28 Mar 2020 01:45:16 GMT - Info - Server is running on port: 3030
Sat, 28 Mar 2020 01:45:36 GMT - Info - Server is running on port: 3030
Sat, 28 Mar 2020 01:46:18 GMT - Info - Server is running on port: 3030
Sat, 28 Mar 2020 01:47:16 GMT - Info - Server is running on port: 3030
Sat, 28 Mar 2020 01:47:18 GMT - Info - Server is running on port: 3030
Sat, 28 Mar 2020 01:47:52 GMT - Info - Server is running on port: 3030
Sat, 28 Mar 2020 01:48:28 GMT - Info - Server is running on port: 3030
Sat, 28 Mar 2020 01:48:44 GMT - Info - Server is running on port: 3030
Sat, 28 Mar 2020 01:49:06 GMT - Info - Server is running on port: 3030
Sat, 28 Mar 2020 01:55:29 GMT - Info - Server is running on port: 3030
Sat, 28 Mar 2020 01:55:35 GMT - Info - Server is running on port: 3030
Sat, 28 Mar 2020 01:56:03 GMT - Info - Server is running on port: 3030
Sat, 28 Mar 2020 01:57:40 GMT - Info - Server is running on port: 3030
Sat, 28 Mar 2020 01:57:41 GMT - Info - Server is running on port: 3030
Sat, 28 Mar 2020 01:58:08 GMT - Info - Server is running on port: 3030
Sat, 28 Mar 2020 01:58:39 GMT - Info - Server is running on port: 3030
Sat, 28 Mar 2020 01:59:10 GMT - Info - Server is running on port: 3030
Sat, 28 Mar 2020 01:59:21 GMT - Info - Server is running on port: 3030
Sat, 28 Mar 2020 01:59:39 GMT - Info - Server is running on port: 3030
Sat, 28 Mar 2020 01:59:48 GMT - Info - Server is running on port: 3030
Sat, 28 Mar 2020 01:59:59 GMT - Info - Server is running on port: 3030
Sat, 28 Mar 2020 02:00:53 GMT - Info - Server is running on port: 3030
Sat, 28 Mar 2020 02:01:07 GMT - Info - Server is running on port: 3030
Sat, 28 Mar 2020 02:02:46 GMT - Info - Server is running on port: 3030
Sat, 28 Mar 2020 02:02:48 GMT - Info - Server is running on port: 3030
Sat, 28 Mar 2020 02:02:58 GMT - Info - Server is running on port: 3030
Sat, 28 Mar 2020 02:03:19 GMT - Info - Server is running on port: 3030
Sat, 28 Mar 2020 02:03:59 GMT - Info - Server is running on port: 3030
Sat, 28 Mar 2020 02:04:59 GMT - Info - Server is running on port: 3030
Sat, 28 Mar 2020 02:05:30 GMT - Info - Server is running on port: 3030
Sat, 28 Mar 2020 02:05:38 GMT - Info - Server is running on port: 3030
Sat, 28 Mar 2020 02:05:57 GMT - Info - Server is running on port: 3030
Sat, 28 Mar 2020 03:44:07 GMT - Info - Server is running on port: 3030
Sat, 28 Mar 2020 03:44:10 GMT - Info - Server is running on port: 3030
Sat, 28 Mar 2020 13:16:28 GMT - Info - Server is running on port: 3030
Sat, 28 Mar 2020 13:17:35 GMT - Info - Server is running on port: 3030
Sat, 28 Mar 2020 13:17:36 GMT - Info - Server is running on port: 3030
Sat, 28 Mar 2020 13:18:03 GMT - Info - Server is running on port: 3030
Sat, 28 Mar 2020 13:27:31 GMT - Info - Server is running on port: 3030
Sat, 28 Mar 2020 13:27:33 GMT - Info - Server is running on port: 3030
Sat, 28 Mar 2020 13:28:20 GMT - Info - Server is running on port: 3030
Sat, 28 Mar 2020 17:22:07 GMT - Info - Server is running on port: 3030
Sat, 28 Mar 2020 17:23:28 GMT - Info - Server is running on port: 3030
Sat, 28 Mar 2020 18:58:40 GMT - Info - Server is running on port: 3030
Sat, 28 Mar 2020 23:02:40 GMT - Debug - auth.service - login with email: j
Sun, 29 Mar 2020 10:08:30 GMT - Debug - auth.service - login with email: j
Sun, 29 Mar 2020 11:46:09 GMT - Debug - auth.service - login with email: j
Sun, 29 Mar 2020 11:49:42 GMT - Debug - auth.service - login with email: j
Sun, 29 Mar 2020 13:28:52 GMT - Debug - auth.service - login with email: j
Sun, 29 Mar 2020 13:33:04 GMT - Info - Server is running on port: 3030
Sun, 29 Mar 2020 13:33:39 GMT - Debug - auth.service - login with email: j
Sun, 29 Mar 2020 19:03:58 GMT - Info - Server is running on port: 3030
Sun, 29 Mar 2020 19:04:46 GMT - Info - Server is running on port: 3030
Sun, 29 Mar 2020 19:04:59 GMT - Info - Server is running on port: 3030
Sun, 29 Mar 2020 19:05:37 GMT - Info - Server is running on port: 3030
Sun, 29 Mar 2020 19:11:14 GMT - Info - Server is running on port: 3030
Sun, 29 Mar 2020 19:14:04 GMT - Info - Server is running on port: 3030
Sun, 29 Mar 2020 19:14:26 GMT - Info - Server is running on port: 3030
Sun, 29 Mar 2020 19:15:50 GMT - Info - Server is running on port: 3030
Sun, 29 Mar 2020 19:16:00 GMT - Info - Server is running on port: 3030
Sun, 29 Mar 2020 19:16:52 GMT - Info - Server is running on port: 3030
Sun, 29 Mar 2020 19:17:22 GMT - Info - Server is running on port: 3030
Sun, 29 Mar 2020 19:19:37 GMT - Info - Server is running on port: 3030
Sun, 29 Mar 2020 19:19:57 GMT - Info - Server is running on port: 3030
Sun, 29 Mar 2020 19:20:52 GMT - Info - Server is running on port: 3030
Sun, 29 Mar 2020 19:25:17 GMT - Info - Server is running on port: 3030
Sun, 29 Mar 2020 20:40:32 GMT - Info - Server is running on port: 3030
Sun, 29 Mar 2020 20:40:37 GMT - Info - Server is running on port: 3030
Sun, 29 Mar 2020 20:41:43 GMT - Info - Server is running on port: 3030
Sun, 29 Mar 2020 20:41:54 GMT - Info - Server is running on port: 3030
Sun, 29 Mar 2020 20:42:06 GMT - Info - Server is running on port: 3030
Sun, 29 Mar 2020 20:42:22 GMT - Info - Server is running on port: 3030
Sun, 29 Mar 2020 20:42:36 GMT - Info - Server is running on port: 3030
Sun, 29 Mar 2020 20:44:37 GMT - Info - Server is running on port: 3030
Sun, 29 Mar 2020 20:44:39 GMT - Info - Server is running on port: 3030
Sun, 29 Mar 2020 20:45:53 GMT - Info - Server is running on port: 3030
Sun, 29 Mar 2020 20:46:35 GMT - Info - Server is running on port: 3030
Sun, 29 Mar 2020 20:46:38 GMT - Info - Server is running on port: 3030
Sun, 29 Mar 2020 20:47:42 GMT - Info - Server is running on port: 3030
Sun, 29 Mar 2020 20:47:54 GMT - Info - Server is running on port: 3030
Sun, 29 Mar 2020 20:48:20 GMT - Debug - auth.service - login with email: j
Sun, 29 Mar 2020 20:49:10 GMT - Info - Server is running on port: 3030
Sun, 29 Mar 2020 20:49:58 GMT - Info - Server is running on port: 3030
Mon, 30 Mar 2020 08:41:57 GMT - Info - Server is running on port: 3030
Tue, 31 Mar 2020 08:33:54 GMT - Info - Server is running on port: 3030
Tue, 31 Mar 2020 10:22:58 GMT - Debug - auth.service - login with email: j
Tue, 31 Mar 2020 10:47:01 GMT - Debug - auth.service - login with email: j
Tue, 31 Mar 2020 10:47:07 GMT - Debug - auth.service - login with email: j
Tue, 31 Mar 2020 11:50:04 GMT - Debug - auth.service - login with email: j
Tue, 31 Mar 2020 15:34:38 GMT - Info - Server is running on port: 3030
Tue, 31 Mar 2020 15:47:16 GMT - Info - Server is running on port: 3030
Wed, 01 Apr 2020 21:11:56 GMT - Info - Server is running on port: 3030
Wed, 01 Apr 2020 21:23:50 GMT - Info - Server is running on port: 3030
Wed, 01 Apr 2020 21:49:31 GMT - Info - Server is running on port: 3030
Wed, 01 Apr 2020 22:12:28 GMT - Debug - auth.service - login with email: a@a.com
Wed, 01 Apr 2020 22:27:20 GMT - Debug - auth.service - login with email: a@a.com
Wed, 01 Apr 2020 23:46:36 GMT - Info - Server is running on port: 3030
Wed, 01 Apr 2020 23:55:39 GMT - Info - Server is running on port: 3030
Wed, 01 Apr 2020 23:55:47 GMT - Info - Server is running on port: 3030
Wed, 01 Apr 2020 23:57:02 GMT - Info - Server is running on port: 3030
Thu, 02 Apr 2020 00:09:45 GMT - Info - Server is running on port: 3030
Thu, 02 Apr 2020 00:12:15 GMT - Info - Server is running on port: 3030
Thu, 02 Apr 2020 00:19:26 GMT - Info - Server is running on port: 3030
Thu, 02 Apr 2020 09:07:40 GMT - Info - Server is running on port: 3030
Thu, 02 Apr 2020 09:35:15 GMT - Info - Server is running on port: 3030
Thu, 02 Apr 2020 09:37:48 GMT - Info - Server is running on port: 3030
Thu, 02 Apr 2020 09:48:45 GMT - Info - Server is running on port: 3030
Thu, 02 Apr 2020 09:57:47 GMT - Info - Server is running on port: 3030
